<?xml version="1.0" encoding="UTF-8"?>
<!-- Generated by org.testng.reporters.JUnitReportReporter -->
<testsuite skipped="0" hostname="DESKTOP-FSKR1IR" name="com.w2a.API_Batch3.testCases.TestCreateUserAPI" tests="3" failures="0" timestamp="30 Mar 2019 06:02:38 GMT" time="4.222" errors="0">
  <testcase name="validateCreateUserAPIWithValidData" time="0.645" classname="com.w2a.API_Batch3.testCases.TestCreateUserAPI"/>
  <testcase name="validateCreateUserAPIWithValidData" time="0.835" classname="com.w2a.API_Batch3.testCases.TestCreateUserAPI"/>
  <testcase name="validateCreateUserAPIWithValidData" time="2.742" classname="com.w2a.API_Batch3.testCases.TestCreateUserAPI"/>
</testsuite> <!-- com.w2a.API_Batch3.testCases.TestCreateUserAPI -->
