<?xml version="1.0" encoding="UTF-8"?>
<!-- Generated by org.testng.reporters.JUnitReportReporter -->
<testsuite skipped="0" hostname="DESKTOP-FSKR1IR" name="com.w2a.API_Batch3.testCases.TestCreateUserAPI" tests="3" failures="0" timestamp="06 Apr 2019 18:13:17 GMT" time="5.388" errors="0">
  <testcase name="validateCreateUserAPIWithValidData" time="0.840" classname="com.w2a.API_Batch3.testCases.TestCreateUserAPI"/>
  <testcase name="validateCreateUserAPIWithValidData" time="0.850" classname="com.w2a.API_Batch3.testCases.TestCreateUserAPI"/>
  <testcase name="validateCreateUserAPIWithValidData" time="3.698" classname="com.w2a.API_Batch3.testCases.TestCreateUserAPI"/>
</testsuite> <!-- com.w2a.API_Batch3.testCases.TestCreateUserAPI -->
